{"target": -60.30837284959359, "params": {"loh": 845703.5693110966}, "datetime": {"datetime": "2023-08-22 01:41:29", "elapsed": 0.0, "delta": 0.0}}
{"target": -59.92641181596565, "params": {"loh": 1505584.831541302}, "datetime": {"datetime": "2023-08-22 01:43:23", "elapsed": 113.118825, "delta": 113.118825}}
{"target": -60.3714290156861, "params": {"loh": 1664170.2113924464}, "datetime": {"datetime": "2023-08-22 01:45:07", "elapsed": 217.234271, "delta": 104.115446}}
{"target": -59.69541430344472, "params": {"loh": 1966100.895791654}, "datetime": {"datetime": "2023-08-22 01:46:53", "elapsed": 323.196132, "delta": 105.961861}}
{"target": -53.08343790614695, "params": {"loh": 24294.286643565716}, "datetime": {"datetime": "2023-08-22 01:48:49", "elapsed": 439.470104, "delta": 116.273972}}
{"target": -53.38222017148877, "params": {"loh": 24305.387394832378}, "datetime": {"datetime": "2023-08-22 01:50:46", "elapsed": 556.864372, "delta": 117.394268}}
{"target": -53.465453662035145, "params": {"loh": 23868.84234787671}, "datetime": {"datetime": "2023-08-22 01:52:42", "elapsed": 672.624283, "delta": 115.759911}}
{"target": -54.33765027233887, "params": {"loh": 24075.013176102868}, "datetime": {"datetime": "2023-08-22 01:54:38", "elapsed": 788.318656, "delta": 115.694373}}
{"target": -59.87977417421001, "params": {"loh": 269346.92191637564}, "datetime": {"datetime": "2023-08-22 01:56:23", "elapsed": 893.309802, "delta": 104.991146}}
{"target": -54.28051003898058, "params": {"loh": 23618.82314997704}, "datetime": {"datetime": "2023-08-22 01:58:20", "elapsed": 1010.230778, "delta": 116.920976}}
{"target": -55.86905454914704, "params": {"loh": 24078.60149584231}, "datetime": {"datetime": "2023-08-22 02:00:13", "elapsed": 1123.382582, "delta": 113.151804}}
{"target": -54.00853374704392, "params": {"loh": 23577.109765166588}, "datetime": {"datetime": "2023-08-22 02:02:12", "elapsed": 1242.397431, "delta": 119.014849}}
{"target": -53.47758418226371, "params": {"loh": 24262.91736749827}, "datetime": {"datetime": "2023-08-22 02:04:10", "elapsed": 1360.2222, "delta": 117.824769}}
{"target": -54.30746547048112, "params": {"loh": 24301.048648895772}, "datetime": {"datetime": "2023-08-22 02:06:05", "elapsed": 1475.613911, "delta": 115.391711}}
{"target": -53.628577041258986, "params": {"loh": 24055.530588893846}, "datetime": {"datetime": "2023-08-22 02:08:01", "elapsed": 1591.23513, "delta": 115.621219}}
{"target": -54.613227984154406, "params": {"loh": 24339.65990924386}, "datetime": {"datetime": "2023-08-22 02:09:56", "elapsed": 1706.908981, "delta": 115.673851}}
{"target": -53.33492851197374, "params": {"loh": 24352.99255943999}, "datetime": {"datetime": "2023-08-22 02:11:56", "elapsed": 1826.711763, "delta": 119.802782}}
{"target": -54.59205932298888, "params": {"loh": 23640.251201349805}, "datetime": {"datetime": "2023-08-22 02:13:52", "elapsed": 1942.631236, "delta": 115.919473}}
{"target": -54.9138414839706, "params": {"loh": 23892.989188379546}, "datetime": {"datetime": "2023-08-22 02:15:47", "elapsed": 2057.83107, "delta": 115.199834}}
{"target": -54.73634080601547, "params": {"loh": 24227.372193998915}, "datetime": {"datetime": "2023-08-22 02:17:42", "elapsed": 2172.927231, "delta": 115.096161}}
{"target": -53.791571739777446, "params": {"loh": 24240.602474882842}, "datetime": {"datetime": "2023-08-22 02:19:38", "elapsed": 2289.000306, "delta": 116.073075}}
{"target": -54.22786197798207, "params": {"loh": 24270.25231551374}, "datetime": {"datetime": "2023-08-22 02:21:34", "elapsed": 2404.931522, "delta": 115.931216}}
{"target": -54.709877424156794, "params": {"loh": 23840.75106475045}, "datetime": {"datetime": "2023-08-22 02:23:33", "elapsed": 2523.38089, "delta": 118.449368}}
{"target": -55.171171056566614, "params": {"loh": 23520.735910640564}, "datetime": {"datetime": "2023-08-22 02:25:26", "elapsed": 2636.877455, "delta": 113.496565}}
{"target": -53.45240074489373, "params": {"loh": 24043.447017646387}, "datetime": {"datetime": "2023-08-22 02:27:23", "elapsed": 2753.339534, "delta": 116.462079}}
{"target": -53.78072422887778, "params": {"loh": 24311.884685195706}, "datetime": {"datetime": "2023-08-22 02:29:20", "elapsed": 2870.122487, "delta": 116.782953}}
{"target": -54.72377756283467, "params": {"loh": 24030.44710137127}, "datetime": {"datetime": "2023-08-22 02:31:14", "elapsed": 2984.27737, "delta": 114.154883}}
{"target": -54.32645300679474, "params": {"loh": 24418.813589017183}, "datetime": {"datetime": "2023-08-22 02:33:09", "elapsed": 3100.008383, "delta": 115.731013}}
{"target": -54.46534464401141, "params": {"loh": 23788.726151023428}, "datetime": {"datetime": "2023-08-22 02:35:07", "elapsed": 3217.265166, "delta": 117.256783}}
{"target": -52.76393271847012, "params": {"loh": 23990.902498111343}, "datetime": {"datetime": "2023-08-22 02:37:03", "elapsed": 3333.384723, "delta": 116.119557}}
{"target": -54.385911547743596, "params": {"loh": 23744.167090109597}, "datetime": {"datetime": "2023-08-22 02:39:01", "elapsed": 3451.950824, "delta": 118.566101}}
